<?xml version="1.0" encoding="UTF-8"?>
<testng-results skipped="0" failed="0" ignored="0" total="1" passed="1">
  <reporter-output>
    <line>
      <![CDATA[ The flag on the row  1 is set to Y for Execution for Test Case : TC1]]>
    </line>
    <line>
      <![CDATA[ The flag on the row  1 is set to Y for Execution for Test Case : TC1]]>
    </line>
    <line>
      <![CDATA[ The flag on the row  1 is set to Y for Execution for Test Case : TC1]]>
    </line>
    <line>
      <![CDATA[ The flag on the row  1 is set to Y for Execution for Test Case : TC1]]>
    </line>
    <line>
      <![CDATA[ The flag on the row  1 is set to Y for Execution for Test Case : TC1]]>
    </line>
    <line>
      <![CDATA[ The flag on the row  1 is set to Y for Execution for Test Case : TC1]]>
    </line>
  </reporter-output>
  <suite name="Default suite" duration-ms="30527" started-at="2019-02-17T14:16:38Z" finished-at="2019-02-17T14:17:09Z">
    <groups>
    </groups>
    <test name="Default test" duration-ms="30527" started-at="2019-02-17T14:16:38Z" finished-at="2019-02-17T14:17:09Z">
      <class name="FrameworkDriver.FrameworkDriver_RunTestCases">
        <test-method status="PASS" signature="initializeDriver()[pri:0, instance:FrameworkDriver.FrameworkDriver_RunTestCases@6d7b4f4c]" name="initializeDriver" is-config="true" duration-ms="9421" started-at="2019-02-17T14:16:29Z" finished-at="2019-02-17T14:16:38Z">
          <reporter-output>
          </reporter-output>
        </test-method> <!-- initializeDriver -->
        <test-method status="PASS" signature="ReadExcel()[pri:0, instance:FrameworkDriver.FrameworkDriver_RunTestCases@6d7b4f4c]" name="ReadExcel" duration-ms="30496" started-at="2019-02-17T14:16:38Z" finished-at="2019-02-17T14:17:09Z">
          <reporter-output>
            <line>
              <![CDATA[ The flag on the row  1 is set to Y for Execution for Test Case : TC1]]>
            </line>
            <line>
              <![CDATA[ The flag on the row  1 is set to Y for Execution for Test Case : TC1]]>
            </line>
            <line>
              <![CDATA[ The flag on the row  1 is set to Y for Execution for Test Case : TC1]]>
            </line>
            <line>
              <![CDATA[ The flag on the row  1 is set to Y for Execution for Test Case : TC1]]>
            </line>
            <line>
              <![CDATA[ The flag on the row  1 is set to Y for Execution for Test Case : TC1]]>
            </line>
            <line>
              <![CDATA[ The flag on the row  1 is set to Y for Execution for Test Case : TC1]]>
            </line>
          </reporter-output>
        </test-method> <!-- ReadExcel -->
      </class> <!-- FrameworkDriver.FrameworkDriver_RunTestCases -->
    </test> <!-- Default test -->
  </suite> <!-- Default suite -->
</testng-results>
